  Actor.cpp
D:\Dar Laptop\Documents\previous semesters\Semester 3\CS250 Data Structures & Algorithms\DSA Project\Project\HashTable.h(41,5): warning C4984: 'if constexpr' is a C++17 language extension
D:\Dar Laptop\Documents\previous semesters\Semester 3\CS250 Data Structures & Algorithms\DSA Project\Project\LinkedList.h(84,9): warning C4984: 'if constexpr' is a C++17 language extension
D:\Dar Laptop\Documents\previous semesters\Semester 3\CS250 Data Structures & Algorithms\DSA Project\Project\LinkedList.h(79,10): message : This diagnostic occurred in the compiler generated function 'void LinkedList<Data>::Search(type *)'
D:\Dar Laptop\Documents\previous semesters\Semester 3\CS250 Data Structures & Algorithms\DSA Project\Project\LinkedList.h(180): message : see reference to class template instantiation 'LinkedList<Data>' being compiled
D:\Dar Laptop\Documents\previous semesters\Semester 3\CS250 Data Structures & Algorithms\DSA Project\Project\LinkedList.h(142,9): warning C4984: 'if constexpr' is a C++17 language extension
  Director.cpp
D:\Dar Laptop\Documents\previous semesters\Semester 3\CS250 Data Structures & Algorithms\DSA Project\Project\HashTable.h(41,5): warning C4984: 'if constexpr' is a C++17 language extension
D:\Dar Laptop\Documents\previous semesters\Semester 3\CS250 Data Structures & Algorithms\DSA Project\Project\LinkedList.h(84,9): warning C4984: 'if constexpr' is a C++17 language extension
D:\Dar Laptop\Documents\previous semesters\Semester 3\CS250 Data Structures & Algorithms\DSA Project\Project\LinkedList.h(79,10): message : This diagnostic occurred in the compiler generated function 'void LinkedList<Data>::Search(type *)'
D:\Dar Laptop\Documents\previous semesters\Semester 3\CS250 Data Structures & Algorithms\DSA Project\Project\LinkedList.h(180): message : see reference to class template instantiation 'LinkedList<Data>' being compiled
D:\Dar Laptop\Documents\previous semesters\Semester 3\CS250 Data Structures & Algorithms\DSA Project\Project\LinkedList.h(142,9): warning C4984: 'if constexpr' is a C++17 language extension
  Movie.cpp
D:\Dar Laptop\Documents\previous semesters\Semester 3\CS250 Data Structures & Algorithms\DSA Project\Project\HashTable.h(41,5): warning C4984: 'if constexpr' is a C++17 language extension
D:\Dar Laptop\Documents\previous semesters\Semester 3\CS250 Data Structures & Algorithms\DSA Project\Project\LinkedList.h(84,9): warning C4984: 'if constexpr' is a C++17 language extension
D:\Dar Laptop\Documents\previous semesters\Semester 3\CS250 Data Structures & Algorithms\DSA Project\Project\LinkedList.h(79,10): message : This diagnostic occurred in the compiler generated function 'void LinkedList<Data>::Search(type *)'
D:\Dar Laptop\Documents\previous semesters\Semester 3\CS250 Data Structures & Algorithms\DSA Project\Project\LinkedList.h(180): message : see reference to class template instantiation 'LinkedList<Data>' being compiled
D:\Dar Laptop\Documents\previous semesters\Semester 3\CS250 Data Structures & Algorithms\DSA Project\Project\LinkedList.h(142,9): warning C4984: 'if constexpr' is a C++17 language extension
D:\Dar Laptop\Documents\previous semesters\Semester 3\CS250 Data Structures & Algorithms\DSA Project\Project\Movie.cpp(418,23): warning C4018: '<': signed/unsigned mismatch
D:\Dar Laptop\Documents\previous semesters\Semester 3\CS250 Data Structures & Algorithms\DSA Project\Project\Movie.cpp(470,23): warning C4018: '<': signed/unsigned mismatch
  Project.cpp
D:\Dar Laptop\Documents\previous semesters\Semester 3\CS250 Data Structures & Algorithms\DSA Project\Project\HashTable.h(41,5): warning C4984: 'if constexpr' is a C++17 language extension
D:\Dar Laptop\Documents\previous semesters\Semester 3\CS250 Data Structures & Algorithms\DSA Project\Project\LinkedList.h(84,9): warning C4984: 'if constexpr' is a C++17 language extension
D:\Dar Laptop\Documents\previous semesters\Semester 3\CS250 Data Structures & Algorithms\DSA Project\Project\LinkedList.h(79,10): message : This diagnostic occurred in the compiler generated function 'void LinkedList<Data>::Search(type *)'
D:\Dar Laptop\Documents\previous semesters\Semester 3\CS250 Data Structures & Algorithms\DSA Project\Project\LinkedList.h(180): message : see reference to class template instantiation 'LinkedList<Data>' being compiled
D:\Dar Laptop\Documents\previous semesters\Semester 3\CS250 Data Structures & Algorithms\DSA Project\Project\LinkedList.h(142,9): warning C4984: 'if constexpr' is a C++17 language extension
D:\Dar Laptop\Documents\previous semesters\Semester 3\CS250 Data Structures & Algorithms\DSA Project\Project\HashTable.h(42,27): warning C4018: '<': signed/unsigned mismatch
  Generating Code...
D:\Dar Laptop\Documents\previous semesters\Semester 3\CS250 Data Structures & Algorithms\DSA Project\Project\Movie.cpp(59): warning C4715: 'correctify': not all control paths return a value
  Project.vcxproj -> D:\Dar Laptop\Documents\previous semesters\Semester 3\CS250 Data Structures & Algorithms\DSA Project\Project\Debug\Project.exe
